<?xml version="1.0" encoding="UTF-8"?>
<testsuite xmlns:xsi="http://www.w3.org/2001/XMLSchema-instance" xsi:noNamespaceSchemaLocation="https://maven.apache.org/surefire/maven-surefire-plugin/xsd/surefire-test-report.xsd" name="TestSuite" time="56.143" tests="1" errors="0" skipped="0" failures="0">
  <properties>
    <property name="sun.desktop" value="windows"/>
    <property name="awt.toolkit" value="sun.awt.windows.WToolkit"/>
    <property name="java.specification.version" value="11"/>
    <property name="sun.cpu.isalist" value="amd64"/>
    <property name="sun.jnu.encoding" value="Cp1252"/>
    <property name="java.class.path" value="C:\Users\Mayur Uddhav Adhude\eclipse-workspace\firstcry.com\target\test-classes;C:\Users\Mayur Uddhav Adhude\eclipse-workspace\firstcry.com\target\classes;C:\Users\Mayur Uddhav Adhude\.m2\repository\commons-codec\commons-codec\1.11\commons-codec-1.11.jar;C:\Users\Mayur Uddhav Adhude\.m2\repository\org\apache\maven\plugins\maven-compiler-plugin\3.8.0\maven-compiler-plugin-3.8.0.jar;C:\Users\Mayur Uddhav Adhude\.m2\repository\org\apache\maven\maven-plugin-api\3.0\maven-plugin-api-3.0.jar;C:\Users\Mayur Uddhav Adhude\.m2\repository\org\apache\maven\maven-model\3.0\maven-model-3.0.jar;C:\Users\Mayur Uddhav Adhude\.m2\repository\org\sonatype\sisu\sisu-inject-plexus\1.4.2\sisu-inject-plexus-1.4.2.jar;C:\Users\Mayur Uddhav Adhude\.m2\repository\org\sonatype\sisu\sisu-inject-bean\1.4.2\sisu-inject-bean-1.4.2.jar;C:\Users\Mayur Uddhav Adhude\.m2\repository\org\sonatype\sisu\sisu-guice\2.1.7\sisu-guice-2.1.7-noaop.jar;C:\Users\Mayur Uddhav Adhude\.m2\repository\org\apache\maven\maven-artifact\3.0\maven-artifact-3.0.jar;C:\Users\Mayur Uddhav Adhude\.m2\repository\org\apache\maven\maven-core\3.0\maven-core-3.0.jar;C:\Users\Mayur Uddhav Adhude\.m2\repository\org\apache\maven\maven-settings\3.0\maven-settings-3.0.jar;C:\Users\Mayur Uddhav Adhude\.m2\repository\org\apache\maven\maven-settings-builder\3.0\maven-settings-builder-3.0.jar;C:\Users\Mayur Uddhav Adhude\.m2\repository\org\apache\maven\maven-repository-metadata\3.0\maven-repository-metadata-3.0.jar;C:\Users\Mayur Uddhav Adhude\.m2\repository\org\apache\maven\maven-model-builder\3.0\maven-model-builder-3.0.jar;C:\Users\Mayur Uddhav Adhude\.m2\repository\org\apache\maven\maven-aether-provider\3.0\maven-aether-provider-3.0.jar;C:\Users\Mayur Uddhav Adhude\.m2\repository\org\sonatype\aether\aether-impl\1.7\aether-impl-1.7.jar;C:\Users\Mayur Uddhav Adhude\.m2\repository\org\sonatype\aether\aether-spi\1.7\aether-spi-1.7.jar;C:\Users\Mayur Uddhav Adhude\.m2\repository\org\sonatype\aether\aether-api\1.7\aether-api-1.7.jar;C:\Users\Mayur Uddhav Adhude\.m2\repository\org\sonatype\aether\aether-util\1.7\aether-util-1.7.jar;C:\Users\Mayur Uddhav Adhude\.m2\repository\org\codehaus\plexus\plexus-interpolation\1.14\plexus-interpolation-1.14.jar;C:\Users\Mayur Uddhav Adhude\.m2\repository\org\codehaus\plexus\plexus-classworlds\2.2.3\plexus-classworlds-2.2.3.jar;C:\Users\Mayur Uddhav Adhude\.m2\repository\org\codehaus\plexus\plexus-component-annotations\1.5.5\plexus-component-annotations-1.5.5.jar;C:\Users\Mayur Uddhav Adhude\.m2\repository\org\sonatype\plexus\plexus-sec-dispatcher\1.3\plexus-sec-dispatcher-1.3.jar;C:\Users\Mayur Uddhav Adhude\.m2\repository\org\sonatype\plexus\plexus-cipher\1.4\plexus-cipher-1.4.jar;C:\Users\Mayur Uddhav Adhude\.m2\repository\org\apache\maven\shared\maven-shared-utils\3.2.1\maven-shared-utils-3.2.1.jar;C:\Users\Mayur Uddhav Adhude\.m2\repository\org\apache\maven\shared\maven-shared-incremental\1.1\maven-shared-incremental-1.1.jar;C:\Users\Mayur Uddhav Adhude\.m2\repository\org\codehaus\plexus\plexus-java\0.9.10\plexus-java-0.9.10.jar;C:\Users\Mayur Uddhav Adhude\.m2\repository\org\ow2\asm\asm\6.2\asm-6.2.jar;C:\Users\Mayur Uddhav Adhude\.m2\repository\com\thoughtworks\qdox\qdox\2.0-M8\qdox-2.0-M8.jar;C:\Users\Mayur Uddhav Adhude\.m2\repository\org\codehaus\plexus\plexus-compiler-api\2.8.4\plexus-compiler-api-2.8.4.jar;C:\Users\Mayur Uddhav Adhude\.m2\repository\org\codehaus\plexus\plexus-compiler-manager\2.8.4\plexus-compiler-manager-2.8.4.jar;C:\Users\Mayur Uddhav Adhude\.m2\repository\org\codehaus\plexus\plexus-compiler-javac\2.8.4\plexus-compiler-javac-2.8.4.jar;C:\Users\Mayur Uddhav Adhude\.m2\repository\org\seleniumhq\selenium\selenium-java\3.141.59\selenium-java-3.141.59.jar;C:\Users\Mayur Uddhav Adhude\.m2\repository\org\seleniumhq\selenium\selenium-api\3.141.59\selenium-api-3.141.59.jar;C:\Users\Mayur Uddhav Adhude\.m2\repository\org\seleniumhq\selenium\selenium-chrome-driver\3.141.59\selenium-chrome-driver-3.141.59.jar;C:\Users\Mayur Uddhav Adhude\.m2\repository\org\seleniumhq\selenium\selenium-edge-driver\3.141.59\selenium-edge-driver-3.141.59.jar;C:\Users\Mayur Uddhav Adhude\.m2\repository\org\seleniumhq\selenium\selenium-firefox-driver\3.141.59\selenium-firefox-driver-3.141.59.jar;C:\Users\Mayur Uddhav Adhude\.m2\repository\org\seleniumhq\selenium\selenium-ie-driver\3.141.59\selenium-ie-driver-3.141.59.jar;C:\Users\Mayur Uddhav Adhude\.m2\repository\org\seleniumhq\selenium\selenium-opera-driver\3.141.59\selenium-opera-driver-3.141.59.jar;C:\Users\Mayur Uddhav Adhude\.m2\repository\org\seleniumhq\selenium\selenium-remote-driver\3.141.59\selenium-remote-driver-3.141.59.jar;C:\Users\Mayur Uddhav Adhude\.m2\repository\org\seleniumhq\selenium\selenium-safari-driver\3.141.59\selenium-safari-driver-3.141.59.jar;C:\Users\Mayur Uddhav Adhude\.m2\repository\org\seleniumhq\selenium\selenium-support\3.141.59\selenium-support-3.141.59.jar;C:\Users\Mayur Uddhav Adhude\.m2\repository\net\bytebuddy\byte-buddy\1.8.15\byte-buddy-1.8.15.jar;C:\Users\Mayur Uddhav Adhude\.m2\repository\org\apache\commons\commons-exec\1.3\commons-exec-1.3.jar;C:\Users\Mayur Uddhav Adhude\.m2\repository\com\squareup\okhttp3\okhttp\3.11.0\okhttp-3.11.0.jar;C:\Users\Mayur Uddhav Adhude\.m2\repository\com\squareup\okio\okio\1.14.0\okio-1.14.0.jar;C:\Users\Mayur Uddhav Adhude\.m2\repository\org\testng\testng\6.14.3\testng-6.14.3.jar;C:\Users\Mayur Uddhav Adhude\.m2\repository\com\beust\jcommander\1.72\jcommander-1.72.jar;C:\Users\Mayur Uddhav Adhude\.m2\repository\org\apache-extras\beanshell\bsh\2.0b6\bsh-2.0b6.jar;C:\Users\Mayur Uddhav Adhude\.m2\repository\javax\mail\mail\1.5.0-b01\mail-1.5.0-b01.jar;C:\Users\Mayur Uddhav Adhude\.m2\repository\javax\activation\activation\1.1\activation-1.1.jar;C:\Users\Mayur Uddhav Adhude\.m2\repository\com\github\stephenc\monte\monte-screen-recorder\0.7.7.0\monte-screen-recorder-0.7.7.0.jar;C:\Users\Mayur Uddhav Adhude\.m2\repository\commons-io\commons-io\1.3.2\commons-io-1.3.2.jar;C:\Users\Mayur Uddhav Adhude\.m2\repository\org\apache\poi\poi\4.0.1\poi-4.0.1.jar;C:\Users\Mayur Uddhav Adhude\.m2\repository\org\apache\commons\commons-collections4\4.2\commons-collections4-4.2.jar;C:\Users\Mayur Uddhav Adhude\.m2\repository\org\apache\commons\commons-math3\3.6.1\commons-math3-3.6.1.jar;C:\Users\Mayur Uddhav Adhude\.m2\repository\org\apache\poi\poi-ooxml\4.0.1\poi-ooxml-4.0.1.jar;C:\Users\Mayur Uddhav Adhude\.m2\repository\org\apache\commons\commons-compress\1.18\commons-compress-1.18.jar;C:\Users\Mayur Uddhav Adhude\.m2\repository\com\github\virtuald\curvesapi\1.05\curvesapi-1.05.jar;C:\Users\Mayur Uddhav Adhude\.m2\repository\org\apache\poi\poi-ooxml-schemas\4.0.1\poi-ooxml-schemas-4.0.1.jar;C:\Users\Mayur Uddhav Adhude\.m2\repository\org\apache\poi\ooxml-schemas\1.3\ooxml-schemas-1.3.jar;C:\Users\Mayur Uddhav Adhude\.m2\repository\dom4j\dom4j\1.6.1\dom4j-1.6.1.jar;C:\Users\Mayur Uddhav Adhude\.m2\repository\xml-apis\xml-apis\1.0.b2\xml-apis-1.0.b2.jar;C:\Users\Mayur Uddhav Adhude\.m2\repository\org\apache\xmlbeans\xmlbeans\3.0.2\xmlbeans-3.0.2.jar;C:\Users\Mayur Uddhav Adhude\.m2\repository\org\apache\poi\poi-scratchpad\4.0.1\poi-scratchpad-4.0.1.jar;C:\Users\Mayur Uddhav Adhude\.m2\repository\org\apache\poi\openxml4j\1.0-beta\openxml4j-1.0-beta.jar;C:\Users\Mayur Uddhav Adhude\.m2\repository\log4j\log4j\1.2.8\log4j-1.2.8.jar;C:\Users\Mayur Uddhav Adhude\.m2\repository\org\apache\logging\log4j\log4j-core\2.11.1\log4j-core-2.11.1.jar;C:\Users\Mayur Uddhav Adhude\.m2\repository\org\apache\logging\log4j\log4j-api\2.11.1\log4j-api-2.11.1.jar;C:\Users\Mayur Uddhav Adhude\.m2\repository\com\relevantcodes\extentreports\2.41.2\extentreports-2.41.2.jar;C:\Users\Mayur Uddhav Adhude\.m2\repository\org\jsoup\jsoup\1.8.3\jsoup-1.8.3.jar;C:\Users\Mayur Uddhav Adhude\.m2\repository\org\xerial\sqlite-jdbc\3.8.11.1\sqlite-jdbc-3.8.11.1.jar;C:\Users\Mayur Uddhav Adhude\.m2\repository\org\freemarker\freemarker\2.3.23\freemarker-2.3.23.jar;C:\Users\Mayur Uddhav Adhude\.m2\repository\org\mongodb\mongodb-driver\3.0.4\mongodb-driver-3.0.4.jar;C:\Users\Mayur Uddhav Adhude\.m2\repository\org\mongodb\bson\3.0.4\bson-3.0.4.jar;C:\Users\Mayur Uddhav Adhude\.m2\repository\org\mongodb\mongodb-driver-core\3.0.4\mongodb-driver-core-3.0.4.jar;C:\Users\Mayur Uddhav Adhude\.m2\repository\com\google\guava\guava\27.0.1-jre\guava-27.0.1-jre.jar;C:\Users\Mayur Uddhav Adhude\.m2\repository\com\google\guava\failureaccess\1.0.1\failureaccess-1.0.1.jar;C:\Users\Mayur Uddhav Adhude\.m2\repository\com\google\guava\listenablefuture\9999.0-empty-to-avoid-conflict-with-guava\listenablefuture-9999.0-empty-to-avoid-conflict-with-guava.jar;C:\Users\Mayur Uddhav Adhude\.m2\repository\com\google\code\findbugs\jsr305\3.0.2\jsr305-3.0.2.jar;C:\Users\Mayur Uddhav Adhude\.m2\repository\org\checkerframework\checker-qual\2.5.2\checker-qual-2.5.2.jar;C:\Users\Mayur Uddhav Adhude\.m2\repository\com\google\errorprone\error_prone_annotations\2.2.0\error_prone_annotations-2.2.0.jar;C:\Users\Mayur Uddhav Adhude\.m2\repository\com\google\j2objc\j2objc-annotations\1.1\j2objc-annotations-1.1.jar;C:\Users\Mayur Uddhav Adhude\.m2\repository\org\codehaus\mojo\animal-sniffer-annotations\1.17\animal-sniffer-annotations-1.17.jar;C:\Users\Mayur Uddhav Adhude\.m2\repository\ch\fortysix\maven-postman-plugin\0.1.6\maven-postman-plugin-0.1.6.jar;C:\Users\Mayur Uddhav Adhude\.m2\repository\org\codehaus\gmaven\gmaven-mojo\1.2\gmaven-mojo-1.2.jar;C:\Users\Mayur Uddhav Adhude\.m2\repository\org\codehaus\gmaven\runtime\gmaven-runtime-api\1.2\gmaven-runtime-api-1.2.jar;C:\Users\Mayur Uddhav Adhude\.m2\repository\org\codehaus\gmaven\feature\gmaven-feature-api\1.2\gmaven-feature-api-1.2.jar;C:\Users\Mayur Uddhav Adhude\.m2\repository\org\apache\maven\maven-project\2.0.10\maven-project-2.0.10.jar;C:\Users\Mayur Uddhav Adhude\.m2\repository\org\apache\maven\maven-profile\2.0.10\maven-profile-2.0.10.jar;C:\Users\Mayur Uddhav Adhude\.m2\repository\org\apache\maven\maven-artifact-manager\2.0.10\maven-artifact-manager-2.0.10.jar;C:\Users\Mayur Uddhav Adhude\.m2\repository\org\apache\maven\maven-plugin-registry\2.0.10\maven-plugin-registry-2.0.10.jar;C:\Users\Mayur Uddhav Adhude\.m2\repository\org\codehaus\gmaven\runtime\gmaven-runtime-1.7\1.2\gmaven-runtime-1.7-1.2.jar;C:\Users\Mayur Uddhav Adhude\.m2\repository\org\slf4j\slf4j-api\1.5.10\slf4j-api-1.5.10.jar;C:\Users\Mayur Uddhav Adhude\.m2\repository\org\codehaus\gmaven\feature\gmaven-feature-support\1.2\gmaven-feature-support-1.2.jar;C:\Users\Mayur Uddhav Adhude\.m2\repository\org\codehaus\gmaven\runtime\gmaven-runtime-support\1.2\gmaven-runtime-support-1.2.jar;C:\Users\Mayur Uddhav Adhude\.m2\repository\org\sonatype\gshell\gshell-io\2.0\gshell-io-2.0.jar;C:\Users\Mayur Uddhav Adhude\.m2\repository\org\sonatype\gossip\gossip\1.0\gossip-1.0.jar;C:\Users\Mayur Uddhav Adhude\.m2\repository\org\codehaus\groovy\groovy-all\1.7-beta-2\groovy-all-1.7-beta-2.jar;C:\Users\Mayur Uddhav Adhude\.m2\repository\jline\jline\0.9.94\jline-0.9.94.jar;C:\Users\Mayur Uddhav Adhude\.m2\repository\junit\junit\3.8.1\junit-3.8.1.jar;C:\Users\Mayur Uddhav Adhude\.m2\repository\org\apache\ant\ant\1.7.1\ant-1.7.1.jar;C:\Users\Mayur Uddhav Adhude\.m2\repository\org\apache\ant\ant-launcher\1.7.1\ant-launcher-1.7.1.jar;C:\Users\Mayur Uddhav Adhude\.m2\repository\org\slf4j\log4j-over-slf4j\1.5.10\log4j-over-slf4j-1.5.10.jar;C:\Users\Mayur Uddhav Adhude\.m2\repository\org\apache\maven\shared\file-management\1.2.1\file-management-1.2.1.jar;C:\Users\Mayur Uddhav Adhude\.m2\repository\org\apache\maven\shared\maven-shared-io\1.1\maven-shared-io-1.1.jar;C:\Users\Mayur Uddhav Adhude\.m2\repository\org\apache\maven\wagon\wagon-provider-api\1.0-alpha-6\wagon-provider-api-1.0-alpha-6.jar;C:\Users\Mayur Uddhav Adhude\.m2\repository\org\codehaus\plexus\plexus-container-default\1.0-alpha-9\plexus-container-default-1.0-alpha-9.jar;C:\Users\Mayur Uddhav Adhude\.m2\repository\classworlds\classworlds\1.1-alpha-2\classworlds-1.1-alpha-2.jar;C:\Users\Mayur Uddhav Adhude\.m2\repository\org\apache\maven\reporting\maven-reporting-api\2.2.1\maven-reporting-api-2.2.1.jar;C:\Users\Mayur Uddhav Adhude\.m2\repository\org\apache\maven\doxia\doxia-logging-api\1.1\doxia-logging-api-1.1.jar;C:\Users\Mayur Uddhav Adhude\.m2\repository\org\apache\maven\reporting\maven-reporting-impl\2.0.4.3\maven-reporting-impl-2.0.4.3.jar;C:\Users\Mayur Uddhav Adhude\.m2\repository\org\apache\maven\doxia\doxia-core\1.0\doxia-core-1.0.jar;C:\Users\Mayur Uddhav Adhude\.m2\repository\org\apache\maven\doxia\doxia-site-renderer\1.0\doxia-site-renderer-1.0.jar;C:\Users\Mayur Uddhav Adhude\.m2\repository\org\codehaus\plexus\plexus-i18n\1.0-beta-7\plexus-i18n-1.0-beta-7.jar;C:\Users\Mayur Uddhav Adhude\.m2\repository\org\codehaus\plexus\plexus-velocity\1.1.7\plexus-velocity-1.1.7.jar;C:\Users\Mayur Uddhav Adhude\.m2\repository\org\apache\velocity\velocity\1.5\velocity-1.5.jar;C:\Users\Mayur Uddhav Adhude\.m2\repository\commons-lang\commons-lang\2.1\commons-lang-2.1.jar;C:\Users\Mayur Uddhav Adhude\.m2\repository\org\apache\maven\doxia\doxia-decoration-model\1.0\doxia-decoration-model-1.0.jar;C:\Users\Mayur Uddhav Adhude\.m2\repository\commons-collections\commons-collections\3.2\commons-collections-3.2.jar;C:\Users\Mayur Uddhav Adhude\.m2\repository\org\apache\maven\doxia\doxia-module-apt\1.0\doxia-module-apt-1.0.jar;C:\Users\Mayur Uddhav Adhude\.m2\repository\org\apache\maven\doxia\doxia-module-fml\1.0\doxia-module-fml-1.0.jar;C:\Users\Mayur Uddhav Adhude\.m2\repository\org\apache\maven\doxia\doxia-module-xdoc\1.0\doxia-module-xdoc-1.0.jar;C:\Users\Mayur Uddhav Adhude\.m2\repository\org\apache\maven\doxia\doxia-module-xhtml\1.0\doxia-module-xhtml-1.0.jar;C:\Users\Mayur Uddhav Adhude\.m2\repository\commons-validator\commons-validator\1.2.0\commons-validator-1.2.0.jar;C:\Users\Mayur Uddhav Adhude\.m2\repository\commons-beanutils\commons-beanutils\1.7.0\commons-beanutils-1.7.0.jar;C:\Users\Mayur Uddhav Adhude\.m2\repository\commons-digester\commons-digester\1.6\commons-digester-1.6.jar;C:\Users\Mayur Uddhav Adhude\.m2\repository\commons-logging\commons-logging\1.0.4\commons-logging-1.0.4.jar;C:\Users\Mayur Uddhav Adhude\.m2\repository\oro\oro\2.0.8\oro-2.0.8.jar;C:\Users\Mayur Uddhav Adhude\.m2\repository\org\apache\maven\shared\maven-doxia-tools\1.0.2\maven-doxia-tools-1.0.2.jar;C:\Users\Mayur Uddhav Adhude\.m2\repository\org\apache\maven\doxia\doxia-sink-api\1.1.2\doxia-sink-api-1.1.2.jar;C:\Users\Mayur Uddhav Adhude\.m2\repository\org\codehaus\plexus\plexus-utils\2.0.1\plexus-utils-2.0.1.jar;C:\Users\Mayur Uddhav Adhude\.m2\repository\nekohtml\nekohtml\1.9.6.2\nekohtml-1.9.6.2.jar;C:\Users\Mayur Uddhav Adhude\.m2\repository\xerces\xercesImpl\2.8.1\xercesImpl-2.8.1.jar;C:\Users\Mayur Uddhav Adhude\.m2\repository\org\apache\commons\commons-email\1.2\commons-email-1.2.jar;C:\Users\Mayur Uddhav Adhude\.m2\repository\org\apache\maven\surefire\surefire-testng-utils\2.21.0\surefire-testng-utils-2.21.0.jar;C:\Users\Mayur Uddhav Adhude\.m2\repository\org\apache\maven\surefire\surefire-grouper\2.21.0\surefire-grouper-2.21.0.jar;"/>
    <property name="java.vm.vendor" value="Oracle Corporation"/>
    <property name="sun.arch.data.model" value="64"/>
    <property name="user.variant" value=""/>
    <property name="java.vendor.url" value="http://java.oracle.com/"/>
    <property name="user.timezone" value=""/>
    <property name="java.vm.specification.version" value="11"/>
    <property name="os.name" value="Windows 10"/>
    <property name="sun.java.launcher" value="SUN_STANDARD"/>
    <property name="user.country" value="IN"/>
    <property name="sun.boot.library.path" value="C:\Program Files\Java\jdk-11.0.2\bin"/>
    <property name="sun.java.command" value="C:\Users\MAYURU~1\AppData\Local\Temp\surefire7127249697202958675\surefirebooter2082328328870179836.jar C:\Users\Mayur Uddhav Adhude\AppData\Local\Temp\surefire7127249697202958675 2019-01-18T15-49-47_639-jvmRun1 surefire9200431256305786182tmp surefire_011777966955914928696tmp"/>
    <property name="jdk.debug" value="release"/>
    <property name="surefire.test.class.path" value="C:\Users\Mayur Uddhav Adhude\eclipse-workspace\firstcry.com\target\test-classes;C:\Users\Mayur Uddhav Adhude\eclipse-workspace\firstcry.com\target\classes;C:\Users\Mayur Uddhav Adhude\.m2\repository\commons-codec\commons-codec\1.11\commons-codec-1.11.jar;C:\Users\Mayur Uddhav Adhude\.m2\repository\org\apache\maven\plugins\maven-compiler-plugin\3.8.0\maven-compiler-plugin-3.8.0.jar;C:\Users\Mayur Uddhav Adhude\.m2\repository\org\apache\maven\maven-plugin-api\3.0\maven-plugin-api-3.0.jar;C:\Users\Mayur Uddhav Adhude\.m2\repository\org\apache\maven\maven-model\3.0\maven-model-3.0.jar;C:\Users\Mayur Uddhav Adhude\.m2\repository\org\sonatype\sisu\sisu-inject-plexus\1.4.2\sisu-inject-plexus-1.4.2.jar;C:\Users\Mayur Uddhav Adhude\.m2\repository\org\sonatype\sisu\sisu-inject-bean\1.4.2\sisu-inject-bean-1.4.2.jar;C:\Users\Mayur Uddhav Adhude\.m2\repository\org\sonatype\sisu\sisu-guice\2.1.7\sisu-guice-2.1.7-noaop.jar;C:\Users\Mayur Uddhav Adhude\.m2\repository\org\apache\maven\maven-artifact\3.0\maven-artifact-3.0.jar;C:\Users\Mayur Uddhav Adhude\.m2\repository\org\apache\maven\maven-core\3.0\maven-core-3.0.jar;C:\Users\Mayur Uddhav Adhude\.m2\repository\org\apache\maven\maven-settings\3.0\maven-settings-3.0.jar;C:\Users\Mayur Uddhav Adhude\.m2\repository\org\apache\maven\maven-settings-builder\3.0\maven-settings-builder-3.0.jar;C:\Users\Mayur Uddhav Adhude\.m2\repository\org\apache\maven\maven-repository-metadata\3.0\maven-repository-metadata-3.0.jar;C:\Users\Mayur Uddhav Adhude\.m2\repository\org\apache\maven\maven-model-builder\3.0\maven-model-builder-3.0.jar;C:\Users\Mayur Uddhav Adhude\.m2\repository\org\apache\maven\maven-aether-provider\3.0\maven-aether-provider-3.0.jar;C:\Users\Mayur Uddhav Adhude\.m2\repository\org\sonatype\aether\aether-impl\1.7\aether-impl-1.7.jar;C:\Users\Mayur Uddhav Adhude\.m2\repository\org\sonatype\aether\aether-spi\1.7\aether-spi-1.7.jar;C:\Users\Mayur Uddhav Adhude\.m2\repository\org\sonatype\aether\aether-api\1.7\aether-api-1.7.jar;C:\Users\Mayur Uddhav Adhude\.m2\repository\org\sonatype\aether\aether-util\1.7\aether-util-1.7.jar;C:\Users\Mayur Uddhav Adhude\.m2\repository\org\codehaus\plexus\plexus-interpolation\1.14\plexus-interpolation-1.14.jar;C:\Users\Mayur Uddhav Adhude\.m2\repository\org\codehaus\plexus\plexus-classworlds\2.2.3\plexus-classworlds-2.2.3.jar;C:\Users\Mayur Uddhav Adhude\.m2\repository\org\codehaus\plexus\plexus-component-annotations\1.5.5\plexus-component-annotations-1.5.5.jar;C:\Users\Mayur Uddhav Adhude\.m2\repository\org\sonatype\plexus\plexus-sec-dispatcher\1.3\plexus-sec-dispatcher-1.3.jar;C:\Users\Mayur Uddhav Adhude\.m2\repository\org\sonatype\plexus\plexus-cipher\1.4\plexus-cipher-1.4.jar;C:\Users\Mayur Uddhav Adhude\.m2\repository\org\apache\maven\shared\maven-shared-utils\3.2.1\maven-shared-utils-3.2.1.jar;C:\Users\Mayur Uddhav Adhude\.m2\repository\org\apache\maven\shared\maven-shared-incremental\1.1\maven-shared-incremental-1.1.jar;C:\Users\Mayur Uddhav Adhude\.m2\repository\org\codehaus\plexus\plexus-java\0.9.10\plexus-java-0.9.10.jar;C:\Users\Mayur Uddhav Adhude\.m2\repository\org\ow2\asm\asm\6.2\asm-6.2.jar;C:\Users\Mayur Uddhav Adhude\.m2\repository\com\thoughtworks\qdox\qdox\2.0-M8\qdox-2.0-M8.jar;C:\Users\Mayur Uddhav Adhude\.m2\repository\org\codehaus\plexus\plexus-compiler-api\2.8.4\plexus-compiler-api-2.8.4.jar;C:\Users\Mayur Uddhav Adhude\.m2\repository\org\codehaus\plexus\plexus-compiler-manager\2.8.4\plexus-compiler-manager-2.8.4.jar;C:\Users\Mayur Uddhav Adhude\.m2\repository\org\codehaus\plexus\plexus-compiler-javac\2.8.4\plexus-compiler-javac-2.8.4.jar;C:\Users\Mayur Uddhav Adhude\.m2\repository\org\seleniumhq\selenium\selenium-java\3.141.59\selenium-java-3.141.59.jar;C:\Users\Mayur Uddhav Adhude\.m2\repository\org\seleniumhq\selenium\selenium-api\3.141.59\selenium-api-3.141.59.jar;C:\Users\Mayur Uddhav Adhude\.m2\repository\org\seleniumhq\selenium\selenium-chrome-driver\3.141.59\selenium-chrome-driver-3.141.59.jar;C:\Users\Mayur Uddhav Adhude\.m2\repository\org\seleniumhq\selenium\selenium-edge-driver\3.141.59\selenium-edge-driver-3.141.59.jar;C:\Users\Mayur Uddhav Adhude\.m2\repository\org\seleniumhq\selenium\selenium-firefox-driver\3.141.59\selenium-firefox-driver-3.141.59.jar;C:\Users\Mayur Uddhav Adhude\.m2\repository\org\seleniumhq\selenium\selenium-ie-driver\3.141.59\selenium-ie-driver-3.141.59.jar;C:\Users\Mayur Uddhav Adhude\.m2\repository\org\seleniumhq\selenium\selenium-opera-driver\3.141.59\selenium-opera-driver-3.141.59.jar;C:\Users\Mayur Uddhav Adhude\.m2\repository\org\seleniumhq\selenium\selenium-remote-driver\3.141.59\selenium-remote-driver-3.141.59.jar;C:\Users\Mayur Uddhav Adhude\.m2\repository\org\seleniumhq\selenium\selenium-safari-driver\3.141.59\selenium-safari-driver-3.141.59.jar;C:\Users\Mayur Uddhav Adhude\.m2\repository\org\seleniumhq\selenium\selenium-support\3.141.59\selenium-support-3.141.59.jar;C:\Users\Mayur Uddhav Adhude\.m2\repository\net\bytebuddy\byte-buddy\1.8.15\byte-buddy-1.8.15.jar;C:\Users\Mayur Uddhav Adhude\.m2\repository\org\apache\commons\commons-exec\1.3\commons-exec-1.3.jar;C:\Users\Mayur Uddhav Adhude\.m2\repository\com\squareup\okhttp3\okhttp\3.11.0\okhttp-3.11.0.jar;C:\Users\Mayur Uddhav Adhude\.m2\repository\com\squareup\okio\okio\1.14.0\okio-1.14.0.jar;C:\Users\Mayur Uddhav Adhude\.m2\repository\org\testng\testng\6.14.3\testng-6.14.3.jar;C:\Users\Mayur Uddhav Adhude\.m2\repository\com\beust\jcommander\1.72\jcommander-1.72.jar;C:\Users\Mayur Uddhav Adhude\.m2\repository\org\apache-extras\beanshell\bsh\2.0b6\bsh-2.0b6.jar;C:\Users\Mayur Uddhav Adhude\.m2\repository\javax\mail\mail\1.5.0-b01\mail-1.5.0-b01.jar;C:\Users\Mayur Uddhav Adhude\.m2\repository\javax\activation\activation\1.1\activation-1.1.jar;C:\Users\Mayur Uddhav Adhude\.m2\repository\com\github\stephenc\monte\monte-screen-recorder\0.7.7.0\monte-screen-recorder-0.7.7.0.jar;C:\Users\Mayur Uddhav Adhude\.m2\repository\commons-io\commons-io\1.3.2\commons-io-1.3.2.jar;C:\Users\Mayur Uddhav Adhude\.m2\repository\org\apache\poi\poi\4.0.1\poi-4.0.1.jar;C:\Users\Mayur Uddhav Adhude\.m2\repository\org\apache\commons\commons-collections4\4.2\commons-collections4-4.2.jar;C:\Users\Mayur Uddhav Adhude\.m2\repository\org\apache\commons\commons-math3\3.6.1\commons-math3-3.6.1.jar;C:\Users\Mayur Uddhav Adhude\.m2\repository\org\apache\poi\poi-ooxml\4.0.1\poi-ooxml-4.0.1.jar;C:\Users\Mayur Uddhav Adhude\.m2\repository\org\apache\commons\commons-compress\1.18\commons-compress-1.18.jar;C:\Users\Mayur Uddhav Adhude\.m2\repository\com\github\virtuald\curvesapi\1.05\curvesapi-1.05.jar;C:\Users\Mayur Uddhav Adhude\.m2\repository\org\apache\poi\poi-ooxml-schemas\4.0.1\poi-ooxml-schemas-4.0.1.jar;C:\Users\Mayur Uddhav Adhude\.m2\repository\org\apache\poi\ooxml-schemas\1.3\ooxml-schemas-1.3.jar;C:\Users\Mayur Uddhav Adhude\.m2\repository\dom4j\dom4j\1.6.1\dom4j-1.6.1.jar;C:\Users\Mayur Uddhav Adhude\.m2\repository\xml-apis\xml-apis\1.0.b2\xml-apis-1.0.b2.jar;C:\Users\Mayur Uddhav Adhude\.m2\repository\org\apache\xmlbeans\xmlbeans\3.0.2\xmlbeans-3.0.2.jar;C:\Users\Mayur Uddhav Adhude\.m2\repository\org\apache\poi\poi-scratchpad\4.0.1\poi-scratchpad-4.0.1.jar;C:\Users\Mayur Uddhav Adhude\.m2\repository\org\apache\poi\openxml4j\1.0-beta\openxml4j-1.0-beta.jar;C:\Users\Mayur Uddhav Adhude\.m2\repository\log4j\log4j\1.2.8\log4j-1.2.8.jar;C:\Users\Mayur Uddhav Adhude\.m2\repository\org\apache\logging\log4j\log4j-core\2.11.1\log4j-core-2.11.1.jar;C:\Users\Mayur Uddhav Adhude\.m2\repository\org\apache\logging\log4j\log4j-api\2.11.1\log4j-api-2.11.1.jar;C:\Users\Mayur Uddhav Adhude\.m2\repository\com\relevantcodes\extentreports\2.41.2\extentreports-2.41.2.jar;C:\Users\Mayur Uddhav Adhude\.m2\repository\org\jsoup\jsoup\1.8.3\jsoup-1.8.3.jar;C:\Users\Mayur Uddhav Adhude\.m2\repository\org\xerial\sqlite-jdbc\3.8.11.1\sqlite-jdbc-3.8.11.1.jar;C:\Users\Mayur Uddhav Adhude\.m2\repository\org\freemarker\freemarker\2.3.23\freemarker-2.3.23.jar;C:\Users\Mayur Uddhav Adhude\.m2\repository\org\mongodb\mongodb-driver\3.0.4\mongodb-driver-3.0.4.jar;C:\Users\Mayur Uddhav Adhude\.m2\repository\org\mongodb\bson\3.0.4\bson-3.0.4.jar;C:\Users\Mayur Uddhav Adhude\.m2\repository\org\mongodb\mongodb-driver-core\3.0.4\mongodb-driver-core-3.0.4.jar;C:\Users\Mayur Uddhav Adhude\.m2\repository\com\google\guava\guava\27.0.1-jre\guava-27.0.1-jre.jar;C:\Users\Mayur Uddhav Adhude\.m2\repository\com\google\guava\failureaccess\1.0.1\failureaccess-1.0.1.jar;C:\Users\Mayur Uddhav Adhude\.m2\repository\com\google\guava\listenablefuture\9999.0-empty-to-avoid-conflict-with-guava\listenablefuture-9999.0-empty-to-avoid-conflict-with-guava.jar;C:\Users\Mayur Uddhav Adhude\.m2\repository\com\google\code\findbugs\jsr305\3.0.2\jsr305-3.0.2.jar;C:\Users\Mayur Uddhav Adhude\.m2\repository\org\checkerframework\checker-qual\2.5.2\checker-qual-2.5.2.jar;C:\Users\Mayur Uddhav Adhude\.m2\repository\com\google\errorprone\error_prone_annotations\2.2.0\error_prone_annotations-2.2.0.jar;C:\Users\Mayur Uddhav Adhude\.m2\repository\com\google\j2objc\j2objc-annotations\1.1\j2objc-annotations-1.1.jar;C:\Users\Mayur Uddhav Adhude\.m2\repository\org\codehaus\mojo\animal-sniffer-annotations\1.17\animal-sniffer-annotations-1.17.jar;C:\Users\Mayur Uddhav Adhude\.m2\repository\ch\fortysix\maven-postman-plugin\0.1.6\maven-postman-plugin-0.1.6.jar;C:\Users\Mayur Uddhav Adhude\.m2\repository\org\codehaus\gmaven\gmaven-mojo\1.2\gmaven-mojo-1.2.jar;C:\Users\Mayur Uddhav Adhude\.m2\repository\org\codehaus\gmaven\runtime\gmaven-runtime-api\1.2\gmaven-runtime-api-1.2.jar;C:\Users\Mayur Uddhav Adhude\.m2\repository\org\codehaus\gmaven\feature\gmaven-feature-api\1.2\gmaven-feature-api-1.2.jar;C:\Users\Mayur Uddhav Adhude\.m2\repository\org\apache\maven\maven-project\2.0.10\maven-project-2.0.10.jar;C:\Users\Mayur Uddhav Adhude\.m2\repository\org\apache\maven\maven-profile\2.0.10\maven-profile-2.0.10.jar;C:\Users\Mayur Uddhav Adhude\.m2\repository\org\apache\maven\maven-artifact-manager\2.0.10\maven-artifact-manager-2.0.10.jar;C:\Users\Mayur Uddhav Adhude\.m2\repository\org\apache\maven\maven-plugin-registry\2.0.10\maven-plugin-registry-2.0.10.jar;C:\Users\Mayur Uddhav Adhude\.m2\repository\org\codehaus\gmaven\runtime\gmaven-runtime-1.7\1.2\gmaven-runtime-1.7-1.2.jar;C:\Users\Mayur Uddhav Adhude\.m2\repository\org\slf4j\slf4j-api\1.5.10\slf4j-api-1.5.10.jar;C:\Users\Mayur Uddhav Adhude\.m2\repository\org\codehaus\gmaven\feature\gmaven-feature-support\1.2\gmaven-feature-support-1.2.jar;C:\Users\Mayur Uddhav Adhude\.m2\repository\org\codehaus\gmaven\runtime\gmaven-runtime-support\1.2\gmaven-runtime-support-1.2.jar;C:\Users\Mayur Uddhav Adhude\.m2\repository\org\sonatype\gshell\gshell-io\2.0\gshell-io-2.0.jar;C:\Users\Mayur Uddhav Adhude\.m2\repository\org\sonatype\gossip\gossip\1.0\gossip-1.0.jar;C:\Users\Mayur Uddhav Adhude\.m2\repository\org\codehaus\groovy\groovy-all\1.7-beta-2\groovy-all-1.7-beta-2.jar;C:\Users\Mayur Uddhav Adhude\.m2\repository\jline\jline\0.9.94\jline-0.9.94.jar;C:\Users\Mayur Uddhav Adhude\.m2\repository\junit\junit\3.8.1\junit-3.8.1.jar;C:\Users\Mayur Uddhav Adhude\.m2\repository\org\apache\ant\ant\1.7.1\ant-1.7.1.jar;C:\Users\Mayur Uddhav Adhude\.m2\repository\org\apache\ant\ant-launcher\1.7.1\ant-launcher-1.7.1.jar;C:\Users\Mayur Uddhav Adhude\.m2\repository\org\slf4j\log4j-over-slf4j\1.5.10\log4j-over-slf4j-1.5.10.jar;C:\Users\Mayur Uddhav Adhude\.m2\repository\org\apache\maven\shared\file-management\1.2.1\file-management-1.2.1.jar;C:\Users\Mayur Uddhav Adhude\.m2\repository\org\apache\maven\shared\maven-shared-io\1.1\maven-shared-io-1.1.jar;C:\Users\Mayur Uddhav Adhude\.m2\repository\org\apache\maven\wagon\wagon-provider-api\1.0-alpha-6\wagon-provider-api-1.0-alpha-6.jar;C:\Users\Mayur Uddhav Adhude\.m2\repository\org\codehaus\plexus\plexus-container-default\1.0-alpha-9\plexus-container-default-1.0-alpha-9.jar;C:\Users\Mayur Uddhav Adhude\.m2\repository\classworlds\classworlds\1.1-alpha-2\classworlds-1.1-alpha-2.jar;C:\Users\Mayur Uddhav Adhude\.m2\repository\org\apache\maven\reporting\maven-reporting-api\2.2.1\maven-reporting-api-2.2.1.jar;C:\Users\Mayur Uddhav Adhude\.m2\repository\org\apache\maven\doxia\doxia-logging-api\1.1\doxia-logging-api-1.1.jar;C:\Users\Mayur Uddhav Adhude\.m2\repository\org\apache\maven\reporting\maven-reporting-impl\2.0.4.3\maven-reporting-impl-2.0.4.3.jar;C:\Users\Mayur Uddhav Adhude\.m2\repository\org\apache\maven\doxia\doxia-core\1.0\doxia-core-1.0.jar;C:\Users\Mayur Uddhav Adhude\.m2\repository\org\apache\maven\doxia\doxia-site-renderer\1.0\doxia-site-renderer-1.0.jar;C:\Users\Mayur Uddhav Adhude\.m2\repository\org\codehaus\plexus\plexus-i18n\1.0-beta-7\plexus-i18n-1.0-beta-7.jar;C:\Users\Mayur Uddhav Adhude\.m2\repository\org\codehaus\plexus\plexus-velocity\1.1.7\plexus-velocity-1.1.7.jar;C:\Users\Mayur Uddhav Adhude\.m2\repository\org\apache\velocity\velocity\1.5\velocity-1.5.jar;C:\Users\Mayur Uddhav Adhude\.m2\repository\commons-lang\commons-lang\2.1\commons-lang-2.1.jar;C:\Users\Mayur Uddhav Adhude\.m2\repository\org\apache\maven\doxia\doxia-decoration-model\1.0\doxia-decoration-model-1.0.jar;C:\Users\Mayur Uddhav Adhude\.m2\repository\commons-collections\commons-collections\3.2\commons-collections-3.2.jar;C:\Users\Mayur Uddhav Adhude\.m2\repository\org\apache\maven\doxia\doxia-module-apt\1.0\doxia-module-apt-1.0.jar;C:\Users\Mayur Uddhav Adhude\.m2\repository\org\apache\maven\doxia\doxia-module-fml\1.0\doxia-module-fml-1.0.jar;C:\Users\Mayur Uddhav Adhude\.m2\repository\org\apache\maven\doxia\doxia-module-xdoc\1.0\doxia-module-xdoc-1.0.jar;C:\Users\Mayur Uddhav Adhude\.m2\repository\org\apache\maven\doxia\doxia-module-xhtml\1.0\doxia-module-xhtml-1.0.jar;C:\Users\Mayur Uddhav Adhude\.m2\repository\commons-validator\commons-validator\1.2.0\commons-validator-1.2.0.jar;C:\Users\Mayur Uddhav Adhude\.m2\repository\commons-beanutils\commons-beanutils\1.7.0\commons-beanutils-1.7.0.jar;C:\Users\Mayur Uddhav Adhude\.m2\repository\commons-digester\commons-digester\1.6\commons-digester-1.6.jar;C:\Users\Mayur Uddhav Adhude\.m2\repository\commons-logging\commons-logging\1.0.4\commons-logging-1.0.4.jar;C:\Users\Mayur Uddhav Adhude\.m2\repository\oro\oro\2.0.8\oro-2.0.8.jar;C:\Users\Mayur Uddhav Adhude\.m2\repository\org\apache\maven\shared\maven-doxia-tools\1.0.2\maven-doxia-tools-1.0.2.jar;C:\Users\Mayur Uddhav Adhude\.m2\repository\org\apache\maven\doxia\doxia-sink-api\1.1.2\doxia-sink-api-1.1.2.jar;C:\Users\Mayur Uddhav Adhude\.m2\repository\org\codehaus\plexus\plexus-utils\2.0.1\plexus-utils-2.0.1.jar;C:\Users\Mayur Uddhav Adhude\.m2\repository\nekohtml\nekohtml\1.9.6.2\nekohtml-1.9.6.2.jar;C:\Users\Mayur Uddhav Adhude\.m2\repository\xerces\xercesImpl\2.8.1\xercesImpl-2.8.1.jar;C:\Users\Mayur Uddhav Adhude\.m2\repository\org\apache\commons\commons-email\1.2\commons-email-1.2.jar;C:\Users\Mayur Uddhav Adhude\.m2\repository\org\apache\maven\surefire\surefire-testng-utils\2.21.0\surefire-testng-utils-2.21.0.jar;C:\Users\Mayur Uddhav Adhude\.m2\repository\org\apache\maven\surefire\surefire-grouper\2.21.0\surefire-grouper-2.21.0.jar;"/>
    <property name="sun.cpu.endian" value="little"/>
    <property name="user.home" value="C:\Users\Mayur Uddhav Adhude"/>
    <property name="user.language" value="en"/>
    <property name="java.specification.vendor" value="Oracle Corporation"/>
    <property name="java.version.date" value="2018-10-16"/>
    <property name="java.home" value="C:\Program Files\Java\jdk-11.0.2"/>
    <property name="file.separator" value="\"/>
    <property name="basedir" value="C:\Users\Mayur Uddhav Adhude\eclipse-workspace\firstcry.com"/>
    <property name="java.vm.compressedOopsMode" value="32-bit"/>
    <property name="line.separator" value="&#10;"/>
    <property name="java.specification.name" value="Java Platform API Specification"/>
    <property name="java.vm.specification.vendor" value="Oracle Corporation"/>
    <property name="java.awt.graphicsenv" value="sun.awt.Win32GraphicsEnvironment"/>
    <property name="surefire.real.class.path" value="C:\Users\MAYURU~1\AppData\Local\Temp\surefire7127249697202958675\surefirebooter2082328328870179836.jar"/>
    <property name="user.script" value=""/>
    <property name="sun.management.compiler" value="HotSpot 64-Bit Tiered Compilers"/>
    <property name="java.runtime.version" value="11.0.2+7-LTS"/>
    <property name="user.name" value="Mayur Uddhav Adhude"/>
    <property name="path.separator" value=";"/>
    <property name="os.version" value="10.0"/>
    <property name="java.runtime.name" value="Java(TM) SE Runtime Environment"/>
    <property name="file.encoding" value="Cp1252"/>
    <property name="java.vm.name" value="Java HotSpot(TM) 64-Bit Server VM"/>
    <property name="java.vendor.version" value="18.9"/>
    <property name="localRepository" value="C:\Users\Mayur Uddhav Adhude\.m2\repository"/>
    <property name="java.vendor.url.bug" value="http://bugreport.java.com/bugreport/"/>
    <property name="java.io.tmpdir" value="C:\Users\MAYURU~1\AppData\Local\Temp\"/>
    <property name="java.version" value="11.0.2"/>
    <property name="user.dir" value="C:\Users\Mayur Uddhav Adhude\eclipse-workspace\firstcry.com"/>
    <property name="os.arch" value="amd64"/>
    <property name="java.vm.specification.name" value="Java Virtual Machine Specification"/>
    <property name="java.awt.printerjob" value="sun.awt.windows.WPrinterJob"/>
    <property name="sun.os.patch.level" value=""/>
    <property name="java.library.path" value="C:\Program Files\Java\jdk-11.0.2\bin;C:\Windows\Sun\Java\bin;C:\Windows\system32;C:\Windows;C:/Program Files/Java/jdk-11.0.2/bin/server;C:/Program Files/Java/jdk-11.0.2/bin;C:\Windows\system32;C:\Windows;C:\Windows\System32\Wbem;C:\Windows\System32\WindowsPowerShell\v1.0\;C:\Windows\System32\OpenSSH\;C:\Program Files (x86)\ATI Technologies\ATI.ACE\Core-Static;C:\Program Files\Apache Software Foundation\apache-maven-3.3.1\bin ;C:\Program Files (x86)\AMD\ATI.ACE\Core-Static;C:\Program Files\Git\cmd;C:\Program Files\Java\jdk-11.0.2\bin;C:\Users\Mayur Uddhav Adhude\AppData\Local\Microsoft\WindowsApps;C:\Users\Mayur Uddhav Adhude\Desktop;;."/>
    <property name="java.vendor" value="Oracle Corporation"/>
    <property name="java.vm.info" value="mixed mode"/>
    <property name="java.vm.version" value="11.0.2+7-LTS"/>
    <property name="sun.io.unicode.encoding" value="UnicodeLittle"/>
    <property name="java.class.version" value="55.0"/>
  </properties>
  <testcase name="loginTest" classname="fcom.qa.freelance.firstcry.com.TestCases.LoginPageTest" time="5.762"/>
</testsuite>