<?xml version="1.0" encoding="UTF-8"?>
<!-- Generated by org.testng.reporters.JUnitReportReporter -->
<testsuite hostname="LionHeart" failures="0" tests="1" name="fcom.qa.freelance.firstcry.com.TestCases.LoginPageTest" time="46.304" errors="0" timestamp="18 Jan 2019 10:02:01 GMT" skipped="0">
  <testcase classname="fcom.qa.freelance.firstcry.com.TestCases.LoginPageTest" name="loginTest" time="46.304"/>
</testsuite> <!-- fcom.qa.freelance.firstcry.com.TestCases.LoginPageTest -->
