<?xml version="1.0" encoding="UTF-8"?>
<!-- Generated by org.testng.reporters.JUnitReportReporter -->
<testsuite hostname="LionHeart" failures="0" tests="1" name="fcom.qa.freelance.firstcry.com.TestCases.DatePickerPageTest" time="47.367" errors="0" timestamp="15 Jan 2019 18:23:52 GMT" skipped="0">
  <testcase classname="fcom.qa.freelance.firstcry.com.TestCases.DatePickerPageTest" name="datePickerTest" time="47.367"/>
</testsuite> <!-- fcom.qa.freelance.firstcry.com.TestCases.DatePickerPageTest -->
