<?xml version="1.0" encoding="UTF-8"?>
<!-- Generated by org.testng.reporters.JUnitReportReporter -->
<testsuite hostname="Laptop-5559" failures="0" tests="3" name="com.qa.freelance.firstcry.com.TestCases.LoginPageTest" time="79.309" errors="0" timestamp="01 Feb 2019 18:20:09 GMT" skipped="1">
  <testcase classname="com.qa.freelance.firstcry.com.TestCases.LoginPageTest" name="closeLoginPgTest" time="37.025"/>
  <testcase classname="com.qa.freelance.firstcry.com.TestCases.LoginPageTest" name="subscriptionClose" time="42.284"/>
  <testcase classname="com.qa.freelance.firstcry.com.TestCases.LoginPageTest" name="loginTest">
    <skipped/>
  </testcase> <!-- loginTest -->
</testsuite> <!-- com.qa.freelance.firstcry.com.TestCases.LoginPageTest -->
