<?xml version="1.0" encoding="UTF-8"?>
<!-- Generated by org.testng.reporters.JUnitReportReporter -->
<testsuite hostname="LionHeart" failures="0" tests="3" name="fcom.qa.freelance.firstcry.com.TestCases.DatePickerPageTest" time="124.391" errors="0" timestamp="15 Jan 2019 19:43:39 GMT" skipped="1">
  <testcase classname="fcom.qa.freelance.firstcry.com.TestCases.DatePickerPageTest" name="datePickerTest" time="47.132">
    <skipped/>
  </testcase> <!-- datePickerTest -->
  <testcase classname="fcom.qa.freelance.firstcry.com.TestCases.DatePickerPageTest" name="datePickerTest" time="34.577"/>
  <testcase classname="fcom.qa.freelance.firstcry.com.TestCases.DatePickerPageTest" name="datePickerTest" time="42.682"/>
</testsuite> <!-- fcom.qa.freelance.firstcry.com.TestCases.DatePickerPageTest -->
