<?xml version="1.0" encoding="UTF-8"?>
<!-- Generated by org.testng.reporters.JUnitReportReporter -->
<testsuite hostname="Laptop-5559" failures="0" tests="1" name="com.qa.freelance.firstcry.com.TestCases.LoginPageTest" time="26.926" errors="0" timestamp="01 Feb 2019 13:27:37 GMT" skipped="0">
  <testcase classname="com.qa.freelance.firstcry.com.TestCases.LoginPageTest" name="loginTest" time="26.926"/>
</testsuite> <!-- com.qa.freelance.firstcry.com.TestCases.LoginPageTest -->
