<?xml version="1.0" encoding="UTF-8"?>
<!-- Generated by org.testng.reporters.JUnitReportReporter -->
<testsuite hostname="Laptop-5559" failures="0" tests="2" name="fcom.qa.freelance.firstcry.com.TestCases.LoginPageTest" time="68.812" errors="0" timestamp="30 Jan 2019 13:42:16 GMT" skipped="1">
  <testcase classname="fcom.qa.freelance.firstcry.com.TestCases.LoginPageTest" name="loginTest" time="25.922"/>
  <testcase classname="fcom.qa.freelance.firstcry.com.TestCases.LoginPageTest" name="loginTest" time="42.890">
    <skipped/>
  </testcase> <!-- loginTest -->
</testsuite> <!-- fcom.qa.freelance.firstcry.com.TestCases.LoginPageTest -->
